{
  "nodeType":"BasicScenarioNode",
  "filename":"simple_feature_file.feature",
  "lineNumber":0,
  "result":"CHILD_FAILED",
  "id":50,
  "executionDurationMillis":5,
  "description":"A basic failing scenario",
  "children":[
    {
      "nodeType":"SubstepNode",
      "filename":"temp_substep_def.substeps",
      "lineNumber":2,
      "result":"PASSED",
      "id":44,
      "executionDurationMillis":0,
      "description":"PassingSubstepDef",
      "children":[
        {
          "nodeType":"Step",
          "filename":"temp_substep_def.substeps",
          "lineNumber":3,
          "result":"PASSED",
          "id":43,
          "executionDurationMillis":0,
          "description":"AnotherPassingStepImpl",
          "method":"public void org.substeps.runner.ParsingFromSourceTests$$anonfun$11$StepImpls$3.anotherPassingStepImpl()",
          "children":[
            
          ],
          "source":"AnotherPassingStepImpl"
        }
      ],
      "source":"PassingSubstepDef"
    },
    {
      "nodeType":"SubstepNode",
      "filename":"temp_substep_def.substeps",
      "lineNumber":8,
      "result":"PASSED",
      "id":46,
      "executionDurationMillis":1,
      "description":"WithParamsSubstepDef \"c\" and \"d\"",
      "children":[
        {
          "nodeType":"Step",
          "filename":"temp_substep_def.substeps",
          "lineNumber":9,
          "result":"PASSED",
          "id":45,
          "executionDurationMillis":0,
          "description":"WithParams \"c\" \"d\"",
          "method":"public void org.substeps.runner.ParsingFromSourceTests$$anonfun$11$StepImpls$3.twoParams(java.lang.String,java.lang.String)",
          "children":[
            
          ],
          "source":"WithParams \"<one>\" \"<two>\"",
          "sourceParameterNames":[
            "one",
            "two"
          ]
        }
      ],
      "source":"WithParamsSubstepDef \"<one>\" and \"<two>\"",
      "sourceParameterNames":[
        "one",
        "two"
      ]
    },
    {
      "nodeType":"SubstepNode",
      "filename":"temp_substep_def.substeps",
      "lineNumber":5,
      "result":"CHILD_FAILED",
      "id":48,
      "executionDurationMillis":4,
      "description":"FailingSubstepDef",
      "children":[
        {
          "nodeType":"Step",
          "filename":"temp_substep_def.substeps",
          "lineNumber":6,
          "result":"FAILED",
          "id":47,
          "executionDurationMillis":3,
          "description":"GenerateFailure",
          "method":"public scala.runtime.Nothing$ org.substeps.runner.ParsingFromSourceTests$$anonfun$11$StepImpls$3.generateFailure()",
          "children":[
            
          ],
          "exceptionMessage":"something went wrong",
          "stackTrace":[
            "org.substeps.runner.ParsingFromSourceTests$$anonfun$11$StepImpls$3.generateFailure(ParsingFromSourceTests.scala:605)",
            "sun.reflect.NativeMethodAccessorImpl.invoke0(Native Method)",
            "sun.reflect.NativeMethodAccessorImpl.invoke(NativeMethodAccessorImpl.java:62)",
            "sun.reflect.DelegatingMethodAccessorImpl.invoke(DelegatingMethodAccessorImpl.java:43)",
            "java.lang.reflect.Method.invoke(Method.java:497)",
            "com.technophobia.substeps.execution.ImplementationCache.executeMethod(ImplementationCache.java:162)",
            "com.technophobia.substeps.runner.node.StepImplementationNodeRunner.execute(StepImplementationNodeRunner.java:74)",
            "com.technophobia.substeps.runner.node.StepImplementationNodeRunner.execute(StepImplementationNodeRunner.java:34)",
            "com.technophobia.substeps.runner.node.AbstractNodeRunner.run(AbstractNodeRunner.java:48)",
            "com.technophobia.substeps.runner.node.SubstepNodeRunner.visit(SubstepNodeRunner.java:70)",
            "com.technophobia.substeps.runner.node.SubstepNodeRunner.visit(SubstepNodeRunner.java:31)",
            "com.technophobia.substeps.execution.node.StepImplementationNode.dispatch(StepImplementationNode.java:133)",
            "com.technophobia.substeps.runner.node.SubstepNodeRunner.execute(SubstepNodeRunner.java:56)",
            "com.technophobia.substeps.runner.node.SubstepNodeRunner.execute(SubstepNodeRunner.java:31)",
            "com.technophobia.substeps.runner.node.AbstractNodeRunner.run(AbstractNodeRunner.java:48)",
            "com.technophobia.substeps.runner.node.BasicScenarioNodeRunner.visit(BasicScenarioNodeRunner.java:71)",
            "com.technophobia.substeps.runner.node.BasicScenarioNodeRunner.visit(BasicScenarioNodeRunner.java:28)",
            "com.technophobia.substeps.execution.node.SubstepNode.dispatch(SubstepNode.java:42)",
            "com.technophobia.substeps.runner.node.BasicScenarioNodeRunner.execute(BasicScenarioNodeRunner.java:50)",
            "com.technophobia.substeps.runner.node.BasicScenarioNodeRunner.execute(BasicScenarioNodeRunner.java:28)",
            "com.technophobia.substeps.runner.node.AbstractNodeRunner.run(AbstractNodeRunner.java:48)",
            "com.technophobia.substeps.runner.node.FeatureNodeRunner.visit(FeatureNodeRunner.java:66)",
            "com.technophobia.substeps.runner.node.FeatureNodeRunner.visit(FeatureNodeRunner.java:26)",
            "com.technophobia.substeps.execution.node.BasicScenarioNode.dispatch(BasicScenarioNode.java:59)",
            "com.technophobia.substeps.runner.node.FeatureNodeRunner.execute(FeatureNodeRunner.java:45)",
            "com.technophobia.substeps.runner.node.FeatureNodeRunner.execute(FeatureNodeRunner.java:26)",
            "com.technophobia.substeps.runner.node.AbstractNodeRunner.run(AbstractNodeRunner.java:48)",
            "com.technophobia.substeps.runner.node.RootNodeRunner.execute(RootNodeRunner.java:45)",
            "com.technophobia.substeps.runner.node.RootNodeRunner.execute(RootNodeRunner.java:31)",
            "com.technophobia.substeps.runner.node.AbstractNodeRunner.run(AbstractNodeRunner.java:48)",
            "com.technophobia.substeps.runner.ExecutionNodeRunner.run(ExecutionNodeRunner.java:347)",
            "org.substeps.runner.ParsingFromSourceTests$$anonfun$11.apply(ParsingFromSourceTests.scala:693)",
            "org.substeps.runner.ParsingFromSourceTests$$anonfun$11.apply(ParsingFromSourceTests.scala:539)",
            "org.scalatest.OutcomeOf$class.outcomeOf(OutcomeOf.scala:85)",
            "org.scalatest.OutcomeOf$.outcomeOf(OutcomeOf.scala:104)",
            "org.scalatest.Transformer.apply(Transformer.scala:22)",
            "org.scalatest.Transformer.apply(Transformer.scala:20)",
            "org.scalatest.FlatSpecLike$$anon$1.apply(FlatSpecLike.scala:1682)",
            "org.scalatest.TestSuite$class.withFixture(TestSuite.scala:196)",
            "org.scalatest.FlatSpec.withFixture(FlatSpec.scala:1685)",
            "org.scalatest.FlatSpecLike$class.invokeWithFixture$1(FlatSpecLike.scala:1679)",
            "org.scalatest.FlatSpecLike$$anonfun$runTest$1.apply(FlatSpecLike.scala:1692)",
            "org.scalatest.FlatSpecLike$$anonfun$runTest$1.apply(FlatSpecLike.scala:1692)",
            "org.scalatest.SuperEngine.runTestImpl(Engine.scala:289)",
            "org.scalatest.FlatSpecLike$class.runTest(FlatSpecLike.scala:1692)",
            "org.scalatest.FlatSpec.runTest(FlatSpec.scala:1685)",
            "org.scalatest.FlatSpecLike$$anonfun$runTests$1.apply(FlatSpecLike.scala:1750)",
            "org.scalatest.FlatSpecLike$$anonfun$runTests$1.apply(FlatSpecLike.scala:1750)",
            "org.scalatest.SuperEngine$$anonfun$traverseSubNodes$1$1.apply(Engine.scala:396)",
            "org.scalatest.SuperEngine$$anonfun$traverseSubNodes$1$1.apply(Engine.scala:384)",
            "scala.collection.immutable.List.foreach(List.scala:381)",
            "org.scalatest.SuperEngine.traverseSubNodes$1(Engine.scala:384)",
            "org.scalatest.SuperEngine.org$scalatest$SuperEngine$$runTestsInBranch(Engine.scala:373)",
            "org.scalatest.SuperEngine$$anonfun$traverseSubNodes$1$1.apply(Engine.scala:410)",
            "org.scalatest.SuperEngine$$anonfun$traverseSubNodes$1$1.apply(Engine.scala:384)",
            "scala.collection.immutable.List.foreach(List.scala:381)",
            "org.scalatest.SuperEngine.traverseSubNodes$1(Engine.scala:384)",
            "org.scalatest.SuperEngine.org$scalatest$SuperEngine$$runTestsInBranch(Engine.scala:379)",
            "org.scalatest.SuperEngine.runTestsImpl(Engine.scala:461)",
            "org.scalatest.FlatSpecLike$class.runTests(FlatSpecLike.scala:1750)",
            "org.scalatest.FlatSpec.runTests(FlatSpec.scala:1685)",
            "org.scalatest.Suite$class.run(Suite.scala:1147)",
            "org.scalatest.FlatSpec.org$scalatest$FlatSpecLike$$super$run(FlatSpec.scala:1685)",
            "org.scalatest.FlatSpecLike$$anonfun$run$1.apply(FlatSpecLike.scala:1795)",
            "org.scalatest.FlatSpecLike$$anonfun$run$1.apply(FlatSpecLike.scala:1795)",
            "org.scalatest.SuperEngine.runImpl(Engine.scala:521)",
            "org.scalatest.FlatSpecLike$class.run(FlatSpecLike.scala:1795)",
            "org.scalatest.FlatSpec.run(FlatSpec.scala:1685)",
            "org.scalatest.tools.SuiteRunner.run(SuiteRunner.scala:45)",
            "org.scalatest.tools.Runner$$anonfun$doRunRunRunDaDoRunRun$1.apply(Runner.scala:1340)",
            "org.scalatest.tools.Runner$$anonfun$doRunRunRunDaDoRunRun$1.apply(Runner.scala:1334)",
            "scala.collection.immutable.List.foreach(List.scala:381)",
            "org.scalatest.tools.Runner$.doRunRunRunDaDoRunRun(Runner.scala:1334)",
            "org.scalatest.tools.Runner$$anonfun$runOptionallyWithPassFailReporter$2.apply(Runner.scala:1011)",
            "org.scalatest.tools.Runner$$anonfun$runOptionallyWithPassFailReporter$2.apply(Runner.scala:1010)",
            "org.scalatest.tools.Runner$.withClassLoaderAndDispatchReporter(Runner.scala:1500)",
            "org.scalatest.tools.Runner$.runOptionallyWithPassFailReporter(Runner.scala:1010)",
            "org.scalatest.tools.Runner$.run(Runner.scala:850)",
            "org.scalatest.tools.Runner.run(Runner.scala)",
            "org.jetbrains.plugins.scala.testingSupport.scalaTest.ScalaTestRunner.runScalaTest2(ScalaTestRunner.java:138)",
            "org.jetbrains.plugins.scala.testingSupport.scalaTest.ScalaTestRunner.main(ScalaTestRunner.java:28)"
          ],
          "screenshot":"/simple_feature_file.feature.results/A_basic_failing_scenario_1/K0iYi8Nhkk",
          "source":"GenerateFailure"
        }
      ],
      "source":"FailingSubstepDef"
    },
    {
      "nodeType":"Step",
      "filename":"simple_feature_file.feature",
      "lineNumber":14,
      "result":"NOT_RUN",
      "id":49,
      "executionDurationMillis":-1,
      "description":"NotRun",
      "method":"public void org.substeps.runner.ParsingFromSourceTests$$anonfun$11$StepImpls$3.notRun()",
      "children":[
        
      ],
      "source":"NotRun"
    }
  ],
  "tags":[
    "scenario-level-tag",
    "feature-level-tag"
  ]
}