{
  "nodeType":"RootNode",
  "description":"Substeps test execution description",
  "result":"FAILED",
  "id":72,
  "executionDurationMillis":519,
  "features":[
    {
      "nodeId":51,
      "resultsDir":"simple_feature_file.feature.results",
      "result":"CHILD_FAILED"
    },
    {
      "nodeId":71,
      "resultsDir":"outline_feature_file.feature.results",
      "result":"CHILD_FAILED"
    }
  ],
  "timestamp":1495575132634,
  "environment":"localhost"
}