{
  "nodeType":"BasicScenarioNode",
  "filename":"",
  "lineNumber":0,
  "result":"CHILD_FAILED",
  "id":68,
  "executionDurationMillis":8,
  "description":"a basic scenario outline three",
  "children":[
    {
      "nodeType":"Step",
      "filename":"outline_feature_file.feature",
      "lineNumber":7,
      "result":"PASSED",
      "id":64,
      "executionDurationMillis":1,
      "description":"PassingStepImpl",
      "method":"public void org.substeps.runner.ParsingFromSourceTests$$anonfun$3$StepImpls$1.passingStepImpl()",
      "children":[
        
      ],
      "source":"PassingStepImpl"
    },
    {
      "nodeType":"SubstepNode",
      "filename":"temp_substep_def.substeps",
      "lineNumber":2,
      "result":"PASSED",
      "id":66,
      "executionDurationMillis":0,
      "description":"PassingSubstepDef",
      "children":[
        {
          "nodeType":"Step",
          "filename":"temp_substep_def.substeps",
          "lineNumber":3,
          "result":"PASSED",
          "id":65,
          "executionDurationMillis":0,
          "description":"AnotherPassingStepImpl",
          "method":"public void org.substeps.runner.ParsingFromSourceTests$$anonfun$3$StepImpls$1.anotherPassingStepImpl()",
          "children":[
            
          ],
          "source":"AnotherPassingStepImpl"
        }
      ],
      "source":"PassingSubstepDef"
    },
    {
      "nodeType":"Step",
      "filename":"outline_feature_file.feature",
      "lineNumber":9,
      "result":"FAILED",
      "id":67,
      "executionDurationMillis":0,
      "description":"PassingStepImpl with fail",
      "method":"public void org.substeps.runner.ParsingFromSourceTests$$anonfun$3$StepImpls$1.passingStepImplWithParam(java.lang.String)",
      "children":[
        
      ],
      "exceptionMessage":"something went wrong",
      "stackTrace":[
        "org.substeps.runner.ParsingFromSourceTests$$anonfun$3$StepImpls$1.passingStepImplWithParam(ParsingFromSourceTests.scala:299)",
        "sun.reflect.NativeMethodAccessorImpl.invoke0(Native Method)",
        "sun.reflect.NativeMethodAccessorImpl.invoke(NativeMethodAccessorImpl.java:62)",
        "sun.reflect.DelegatingMethodAccessorImpl.invoke(DelegatingMethodAccessorImpl.java:43)",
        "java.lang.reflect.Method.invoke(Method.java:497)",
        "com.technophobia.substeps.execution.ImplementationCache.executeMethod(ImplementationCache.java:156)",
        "com.technophobia.substeps.runner.node.StepImplementationNodeRunner.execute(StepImplementationNodeRunner.java:38)",
        "com.technophobia.substeps.runner.node.StepImplementationNodeRunner.execute(StepImplementationNodeRunner.java:29)",
        "com.technophobia.substeps.runner.node.AbstractNodeRunner.run(AbstractNodeRunner.java:47)",
        "com.technophobia.substeps.runner.node.BasicScenarioNodeRunner.visit(BasicScenarioNodeRunner.java:65)",
        "com.technophobia.substeps.runner.node.BasicScenarioNodeRunner.visit(BasicScenarioNodeRunner.java:28)",
        "com.technophobia.substeps.execution.node.StepImplementationNode.dispatch(StepImplementationNode.java:116)",
        "com.technophobia.substeps.runner.node.BasicScenarioNodeRunner.execute(BasicScenarioNodeRunner.java:50)",
        "com.technophobia.substeps.runner.node.BasicScenarioNodeRunner.execute(BasicScenarioNodeRunner.java:28)",
        "com.technophobia.substeps.runner.node.AbstractNodeRunner.run(AbstractNodeRunner.java:47)",
        "com.technophobia.substeps.runner.node.OutlineScenarioRowNodeRunner.execute(OutlineScenarioRowNodeRunner.java:32)",
        "com.technophobia.substeps.runner.node.OutlineScenarioRowNodeRunner.execute(OutlineScenarioRowNodeRunner.java:25)",
        "com.technophobia.substeps.runner.node.AbstractNodeRunner.run(AbstractNodeRunner.java:47)",
        "com.technophobia.substeps.runner.node.OutlineScenarioNodeRunner.execute(OutlineScenarioNodeRunner.java:37)",
        "com.technophobia.substeps.runner.node.OutlineScenarioNodeRunner.execute(OutlineScenarioNodeRunner.java:26)",
        "com.technophobia.substeps.runner.node.AbstractNodeRunner.run(AbstractNodeRunner.java:47)",
        "com.technophobia.substeps.runner.node.FeatureNodeRunner.visit(FeatureNodeRunner.java:60)",
        "com.technophobia.substeps.runner.node.FeatureNodeRunner.visit(FeatureNodeRunner.java:26)",
        "com.technophobia.substeps.execution.node.OutlineScenarioNode.dispatch(OutlineScenarioNode.java:47)",
        "com.technophobia.substeps.runner.node.FeatureNodeRunner.execute(FeatureNodeRunner.java:45)",
        "com.technophobia.substeps.runner.node.FeatureNodeRunner.execute(FeatureNodeRunner.java:26)",
        "com.technophobia.substeps.runner.node.AbstractNodeRunner.run(AbstractNodeRunner.java:47)",
        "com.technophobia.substeps.runner.node.RootNodeRunner.execute(RootNodeRunner.java:47)",
        "com.technophobia.substeps.runner.node.RootNodeRunner.execute(RootNodeRunner.java:33)",
        "com.technophobia.substeps.runner.node.AbstractNodeRunner.run(AbstractNodeRunner.java:47)",
        "com.technophobia.substeps.runner.ExecutionNodeRunner.run(ExecutionNodeRunner.java:324)",
        "org.substeps.runner.ParsingFromSourceTests$$anonfun$3.apply$mcV$sp(ParsingFromSourceTests.scala:362)",
        "org.substeps.runner.ParsingFromSourceTests$$anonfun$3.apply(ParsingFromSourceTests.scala:230)",
        "org.substeps.runner.ParsingFromSourceTests$$anonfun$3.apply(ParsingFromSourceTests.scala:230)",
        "org.scalatest.Transformer$$anonfun$apply$1.apply$mcV$sp(Transformer.scala:22)",
        "org.scalatest.OutcomeOf$class.outcomeOf(OutcomeOf.scala:85)",
        "org.scalatest.OutcomeOf$.outcomeOf(OutcomeOf.scala:104)",
        "org.scalatest.Transformer.apply(Transformer.scala:22)",
        "org.scalatest.Transformer.apply(Transformer.scala:20)",
        "org.scalatest.FlatSpecLike$$anon$1.apply(FlatSpecLike.scala:1647)",
        "org.scalatest.Suite$class.withFixture(Suite.scala:1122)",
        "org.scalatest.FlatSpec.withFixture(FlatSpec.scala:1683)",
        "org.scalatest.FlatSpecLike$class.invokeWithFixture$1(FlatSpecLike.scala:1644)",
        "org.scalatest.FlatSpecLike$$anonfun$runTest$1.apply(FlatSpecLike.scala:1656)",
        "org.scalatest.FlatSpecLike$$anonfun$runTest$1.apply(FlatSpecLike.scala:1656)",
        "org.scalatest.SuperEngine.runTestImpl(Engine.scala:306)",
        "org.scalatest.FlatSpecLike$class.runTest(FlatSpecLike.scala:1656)",
        "org.scalatest.FlatSpec.runTest(FlatSpec.scala:1683)",
        "org.scalatest.FlatSpecLike$$anonfun$runTests$1.apply(FlatSpecLike.scala:1714)",
        "org.scalatest.FlatSpecLike$$anonfun$runTests$1.apply(FlatSpecLike.scala:1714)",
        "org.scalatest.SuperEngine$$anonfun$traverseSubNodes$1$1.apply(Engine.scala:413)",
        "org.scalatest.SuperEngine$$anonfun$traverseSubNodes$1$1.apply(Engine.scala:401)",
        "scala.collection.immutable.List.foreach(List.scala:381)",
        "org.scalatest.SuperEngine.traverseSubNodes$1(Engine.scala:401)",
        "org.scalatest.SuperEngine.org$scalatest$SuperEngine$$runTestsInBranch(Engine.scala:390)",
        "org.scalatest.SuperEngine$$anonfun$traverseSubNodes$1$1.apply(Engine.scala:427)",
        "org.scalatest.SuperEngine$$anonfun$traverseSubNodes$1$1.apply(Engine.scala:401)",
        "scala.collection.immutable.List.foreach(List.scala:381)",
        "org.scalatest.SuperEngine.traverseSubNodes$1(Engine.scala:401)",
        "org.scalatest.SuperEngine.org$scalatest$SuperEngine$$runTestsInBranch(Engine.scala:396)",
        "org.scalatest.SuperEngine.runTestsImpl(Engine.scala:483)",
        "org.scalatest.FlatSpecLike$class.runTests(FlatSpecLike.scala:1714)",
        "org.scalatest.FlatSpec.runTests(FlatSpec.scala:1683)",
        "org.scalatest.Suite$class.run(Suite.scala:1424)",
        "org.scalatest.FlatSpec.org$scalatest$FlatSpecLike$$super$run(FlatSpec.scala:1683)",
        "org.scalatest.FlatSpecLike$$anonfun$run$1.apply(FlatSpecLike.scala:1760)",
        "org.scalatest.FlatSpecLike$$anonfun$run$1.apply(FlatSpecLike.scala:1760)",
        "org.scalatest.SuperEngine.runImpl(Engine.scala:545)",
        "org.scalatest.FlatSpecLike$class.run(FlatSpecLike.scala:1760)",
        "org.scalatest.FlatSpec.run(FlatSpec.scala:1683)",
        "org.scalatest.tools.SuiteRunner.run(SuiteRunner.scala:55)",
        "org.scalatest.tools.Runner$$anonfun$doRunRunRunDaDoRunRun$3.apply(Runner.scala:2563)",
        "org.scalatest.tools.Runner$$anonfun$doRunRunRunDaDoRunRun$3.apply(Runner.scala:2557)",
        "scala.collection.immutable.List.foreach(List.scala:381)",
        "org.scalatest.tools.Runner$.doRunRunRunDaDoRunRun(Runner.scala:2557)",
        "org.scalatest.tools.Runner$$anonfun$runOptionallyWithPassFailReporter$2.apply(Runner.scala:1044)",
        "org.scalatest.tools.Runner$$anonfun$runOptionallyWithPassFailReporter$2.apply(Runner.scala:1043)",
        "org.scalatest.tools.Runner$.withClassLoaderAndDispatchReporter(Runner.scala:2722)",
        "org.scalatest.tools.Runner$.runOptionallyWithPassFailReporter(Runner.scala:1043)",
        "org.scalatest.tools.Runner$.run(Runner.scala:883)",
        "org.scalatest.tools.Runner.run(Runner.scala)",
        "org.jetbrains.plugins.scala.testingSupport.scalaTest.ScalaTestRunner.runScalaTest2(ScalaTestRunner.java:138)",
        "org.jetbrains.plugins.scala.testingSupport.scalaTest.ScalaTestRunner.main(ScalaTestRunner.java:28)",
        "sun.reflect.NativeMethodAccessorImpl.invoke0(Native Method)",
        "sun.reflect.NativeMethodAccessorImpl.invoke(NativeMethodAccessorImpl.java:62)",
        "sun.reflect.DelegatingMethodAccessorImpl.invoke(DelegatingMethodAccessorImpl.java:43)",
        "java.lang.reflect.Method.invoke(Method.java:497)",
        "com.intellij.rt.execution.application.AppMain.main(AppMain.java:147)"
      ],
      "screenshot":"a_basic_scenario_outline_three/oLlL4lMirK",
      "source":"PassingStepImpl with <param>"
    }
  ],
  "tags":[
    "scenario-level-tag",
    "feature-level-tag"
  ]
}